<?xml version="1.0" encoding="UTF-8"?>
<!-- Generated by org.testng.reporters.JUnitReportReporter -->
<testsuite hostname="Bhavadharani" failures="0" tests="1" name="testRunner.RunnerIOninzaCRM" time="0.202" errors="1" timestamp="2026-04-09T13:47:46 IST" skipped="0">
  <testcase classname="testRunner.RunnerIOninzaCRM" name="runScenario" time="0.202">
    <error message="The step &#039;click on create campaign&#039; and 4 other step(s) are undefined.
You can implement these steps using the snippet(s) below:

@Then(&quot;click on create campaign&quot;)
public void click_on_create_campaign() {
    // Write code here that turns the phrase above into concrete actions
    throw new io.cucumber.java.PendingException();
}
@When(&quot;enter campaign name and target size&quot;)
public void enter_campaign_name_and_target_size() {
    // Write code here that turns the phrase above into concrete actions
    throw new io.cucumber.java.PendingException();
}
@When(&quot;click on submit button&quot;)
public void click_on_submit_button() {
    // Write code here that turns the phrase above into concrete actions
    throw new io.cucumber.java.PendingException();
}
@Then(&quot;click on user profile&quot;)
public void click_on_user_profile() {
    // Write code here that turns the phrase above into concrete actions
    throw new io.cucumber.java.PendingException();
}
@Then(&quot;click on Logout button&quot;)
public void click_on_logout_button() {
    // Write code here that turns the phrase above into concrete actions
    throw new io.cucumber.java.PendingException();
}
" type="io.cucumber.testng.UndefinedStepException">
      <![CDATA[io.cucumber.testng.UndefinedStepException: The step 'click on create campaign' and 4 other step(s) are undefined.
You can implement these steps using the snippet(s) below:

@Then("click on create campaign")
public void click_on_create_campaign() {
    // Write code here that turns the phrase above into concrete actions
    throw new io.cucumber.java.PendingException();
}
@When("enter campaign name and target size")
public void enter_campaign_name_and_target_size() {
    // Write code here that turns the phrase above into concrete actions
    throw new io.cucumber.java.PendingException();
}
@When("click on submit button")
public void click_on_submit_button() {
    // Write code here that turns the phrase above into concrete actions
    throw new io.cucumber.java.PendingException();
}
@Then("click on user profile")
public void click_on_user_profile() {
    // Write code here that turns the phrase above into concrete actions
    throw new io.cucumber.java.PendingException();
}
@Then("click on Logout button")
public void click_on_logout_button() {
    // Write code here that turns the phrase above into concrete actions
    throw new io.cucumber.java.PendingException();
}

at ✽.click on create campaign(file:///C:/Users/preet/eclipse-workspace/Selenium-workspace/SeleniumBDD_Framework/./src/test/java/featureFile/NinzaCRM.feature:7)
]]>
    </error>
  </testcase> <!-- runScenario -->
</testsuite> <!-- testRunner.RunnerIOninzaCRM -->
